[0.000][INFO]:      ChromeDriver 23.0.1240.0 /home/rgraham/Virts/tdd-django/bin/chromedriver
[1.015][FINE]:      Initializing session with capabilities {
   "browserName": "chrome",
   "chromeOptions": {
      "args": [  ],
      "binary": "",
      "extensions": [  ]
   },
   "javascriptEnabled": true,
   "platform": "ANY",
   "version": ""
}

[1.015][INFO]:      Launching chrome: /opt/google/chrome/google-chrome --enable-logging --log-level=1 --disable-hang-monitor --disable-prompt-on-repost --dom-automation --full-memory-crash-report --no-default-browser-check --no-first-run --disable-background-networking --disable-sync --disable-translate --disable-web-resources --safebrowsing-disable-auto-update --safebrowsing-disable-download-protection --disable-client-side-phishing-detection --disable-component-update --disable-default-apps --password-store=basic --ignore-certificate-errors about:blank
[1.445][INFO]:      Connected to Chrome successfully. Version: 24.0.1312.57
[1.448][FINE]:      Command received (/session/487867f042142989610c9bc1afaac64a)
[1.448][FINE]:      Command finished (/session/487867f042142989610c9bc1afaac64a) with response {
   "sessionId": "487867f042142989610c9bc1afaac64a",
   "status": 0,
   "value": {
      "acceptSslCerts": false,
      "applicationCacheEnabled": false,
      "browserConnectionEnabled": false,
      "browserName": "chrome",
      "chrome.chromedriverVersion": "23.0.1240.0",
      "chrome.nativeEvents": false,
      "cssSelectorsEnabled": true,
      "databaseEnabled": false,
      "handlesAlerts": true,
      "javascriptEnabled": true,
      "locationContextEnabled": false,
      "nativeEvents": true,
      "platform": "linux",
      "rotatable": false,
      "takesScreenshot": true,
      "version": "24.0.1312.57",
      "webStorageEnabled": true
   }
}

[1.459][FINE]:      Command received (/session/487867f042142989610c9bc1afaac64a/timeouts/implicit_wait) with params {
   "ms": 3000.0,
   "sessionId": "487867f042142989610c9bc1afaac64a"
}

[1.459][FINER]:     Waiting for all views to stop loading...
[1.459][FINER]:     Done waiting for all views to stop loading
[1.459][FINER]:     Waiting for all views to stop loading...
[1.462][FINER]:     Done waiting for all views to stop loading
[1.462][FINE]:      Command finished (/session/487867f042142989610c9bc1afaac64a/timeouts/implicit_wait) with response {
   "sessionId": "487867f042142989610c9bc1afaac64a",
   "status": 0,
   "value": {

   }
}

[1.465][FINE]:      Command received (/session/487867f042142989610c9bc1afaac64a/url) with params {
   "sessionId": "487867f042142989610c9bc1afaac64a",
   "url": "http://localhost:8081/admin/"
}

[1.465][FINER]:     Waiting for all views to stop loading...
[1.465][FINER]:     Done waiting for all views to stop loading
[3.372][FINER]:     Waiting for all views to stop loading...
[3.374][FINER]:     Done waiting for all views to stop loading
[3.374][FINE]:      Command finished (/session/487867f042142989610c9bc1afaac64a/url) with response {
   "sessionId": "487867f042142989610c9bc1afaac64a",
   "status": 0,
   "value": {

   }
}

[3.375][FINE]:      Command received (/session/487867f042142989610c9bc1afaac64a/element) with params {
   "sessionId": "487867f042142989610c9bc1afaac64a",
   "using": "name",
   "value": "username"
}

[3.375][FINER]:     Waiting for all views to stop loading...
[3.380][FINER]:     Done waiting for all views to stop loading
[3.400][FINER]:     Waiting for all views to stop loading...
[3.401][FINER]:     Done waiting for all views to stop loading
[3.401][FINE]:      Command finished (/session/487867f042142989610c9bc1afaac64a/element) with response {
   "sessionId": "487867f042142989610c9bc1afaac64a",
   "status": 0,
   "value": {
      "ELEMENT": ":wdc:1360868055484"
   }
}

[3.402][FINE]:      Command received (/session/487867f042142989610c9bc1afaac64a/element/:wdc:1360868055484/value) with params {
   "id": ":wdc:1360868055484",
   "sessionId": "487867f042142989610c9bc1afaac64a",
   "value": [ "r", "o", "b" ]
}

[3.402][FINER]:     Waiting for all views to stop loading...
[3.402][FINER]:     Done waiting for all views to stop loading
[3.511][FINER]:     Waiting for all views to stop loading...
[3.511][FINER]:     Done waiting for all views to stop loading
[3.511][FINE]:      Command finished (/session/487867f042142989610c9bc1afaac64a/element/:wdc:1360868055484/value) with response {
   "sessionId": "487867f042142989610c9bc1afaac64a",
   "status": 0,
   "value": {

   }
}

[3.512][FINE]:      Command received (/session/487867f042142989610c9bc1afaac64a/element) with params {
   "sessionId": "487867f042142989610c9bc1afaac64a",
   "using": "name",
   "value": "password"
}

[3.512][FINER]:     Waiting for all views to stop loading...
[3.512][FINER]:     Done waiting for all views to stop loading
[3.527][FINER]:     Waiting for all views to stop loading...
[3.528][FINER]:     Done waiting for all views to stop loading
[3.528][FINE]:      Command finished (/session/487867f042142989610c9bc1afaac64a/element) with response {
   "sessionId": "487867f042142989610c9bc1afaac64a",
   "status": 0,
   "value": {
      "ELEMENT": ":wdc:1360868055485"
   }
}

[3.529][FINE]:      Command received (/session/487867f042142989610c9bc1afaac64a/element/:wdc:1360868055485/value) with params {
   "id": ":wdc:1360868055485",
   "sessionId": "487867f042142989610c9bc1afaac64a",
   "value": [ "n", "e", "o", "u", "b", "l", "i", "e" ]
}

[3.529][FINER]:     Waiting for all views to stop loading...
[3.529][FINER]:     Done waiting for all views to stop loading
[3.625][FINER]:     Waiting for all views to stop loading...
[3.625][FINER]:     Done waiting for all views to stop loading
[3.625][FINE]:      Command finished (/session/487867f042142989610c9bc1afaac64a/element/:wdc:1360868055485/value) with response {
   "sessionId": "487867f042142989610c9bc1afaac64a",
   "status": 0,
   "value": {

   }
}

[3.627][FINE]:      Command received (/session/487867f042142989610c9bc1afaac64a/element/:wdc:1360868055485/value) with params {
   "id": ":wdc:1360868055485",
   "sessionId": "487867f042142989610c9bc1afaac64a",
   "value": [ "\uE006" ]
}

[3.627][FINER]:     Waiting for all views to stop loading...
[3.627][FINER]:     Done waiting for all views to stop loading
[3.666][FINER]:     Waiting for all views to stop loading...
[3.862][FINER]:     Done waiting for all views to stop loading
[3.862][FINE]:      Command finished (/session/487867f042142989610c9bc1afaac64a/element/:wdc:1360868055485/value) with response {
   "sessionId": "487867f042142989610c9bc1afaac64a",
   "status": 0,
   "value": {

   }
}

[3.863][FINE]:      Command received (/session/487867f042142989610c9bc1afaac64a/elements) with params {
   "sessionId": "487867f042142989610c9bc1afaac64a",
   "using": "link text",
   "value": "Polls"
}

[3.863][FINER]:     Waiting for all views to stop loading...
[3.922][FINER]:     Done waiting for all views to stop loading
[4.032][FINER]:     Waiting for all views to stop loading...
[4.134][FINER]:     Done waiting for all views to stop loading
[4.134][FINE]:      Command finished (/session/487867f042142989610c9bc1afaac64a/elements) with response {
   "sessionId": "487867f042142989610c9bc1afaac64a",
   "status": 0,
   "value": [ {
      "ELEMENT": ":wdc:1360868056038"
   }, {
      "ELEMENT": ":wdc:1360868056039"
   } ]
}

[4.135][FINE]:      Command received (/session/487867f042142989610c9bc1afaac64a/element/:wdc:1360868056039/click) with params {
   "id": ":wdc:1360868056039",
   "sessionId": "487867f042142989610c9bc1afaac64a"
}

[4.135][FINER]:     Waiting for all views to stop loading...
[4.139][FINER]:     Done waiting for all views to stop loading
[4.289][FINER]:     Waiting for all views to stop loading...
[4.452][FINER]:     Done waiting for all views to stop loading
[4.452][FINE]:      Command finished (/session/487867f042142989610c9bc1afaac64a/element/:wdc:1360868056039/click) with response {
   "sessionId": "487867f042142989610c9bc1afaac64a",
   "status": 0,
   "value": {

   }
}

[4.454][FINE]:      Command received (/session/487867f042142989610c9bc1afaac64a/element) with params {
   "sessionId": "487867f042142989610c9bc1afaac64a",
   "using": "link text",
   "value": "Add poll"
}

[4.454][FINER]:     Waiting for all views to stop loading...
[4.454][FINER]:     Done waiting for all views to stop loading
[4.478][FINER]:     Waiting for all views to stop loading...
[4.480][FINER]:     Done waiting for all views to stop loading
[4.480][FINE]:      Command finished (/session/487867f042142989610c9bc1afaac64a/element) with response {
   "sessionId": "487867f042142989610c9bc1afaac64a",
   "status": 0,
   "value": {
      "ELEMENT": ":wdc:1360868056560"
   }
}

[4.482][FINE]:      Command received (/session/487867f042142989610c9bc1afaac64a/element/:wdc:1360868056560/click) with params {
   "id": ":wdc:1360868056560",
   "sessionId": "487867f042142989610c9bc1afaac64a"
}

[4.482][FINER]:     Waiting for all views to stop loading...
[4.482][FINER]:     Done waiting for all views to stop loading
[4.528][FINER]:     Waiting for all views to stop loading...
[4.663][FINER]:     Done waiting for all views to stop loading
[4.663][FINE]:      Command finished (/session/487867f042142989610c9bc1afaac64a/element/:wdc:1360868056560/click) with response {
   "sessionId": "487867f042142989610c9bc1afaac64a",
   "status": 0,
   "value": {

   }
}

[4.665][FINE]:      Command received (/session/487867f042142989610c9bc1afaac64a/element) with params {
   "sessionId": "487867f042142989610c9bc1afaac64a",
   "using": "name",
   "value": "question"
}

[4.665][FINER]:     Waiting for all views to stop loading...
[4.666][FINER]:     Done waiting for all views to stop loading
[4.684][FINER]:     Waiting for all views to stop loading...
[4.684][FINER]:     Done waiting for all views to stop loading
[4.684][FINE]:      Command finished (/session/487867f042142989610c9bc1afaac64a/element) with response {
   "sessionId": "487867f042142989610c9bc1afaac64a",
   "status": 0,
   "value": {
      "ELEMENT": ":wdc:1360868056768"
   }
}

[4.685][FINE]:      Command received (/session/487867f042142989610c9bc1afaac64a/element/:wdc:1360868056768/value) with params {
   "id": ":wdc:1360868056768",
   "sessionId": "487867f042142989610c9bc1afaac64a",
   "value": [ "H", "o", "w", " ", "a", "w", "e", "s", "o", "m", "e", " ", "i", "s", " ", "T", "e", "s", "t", "-", "D", "r", "i", "v", "e", "n", " ", "D", "e", "v", "e", "l", "o", "p", "m", "e", "n", "t", "?" ]
}

[4.685][FINER]:     Waiting for all views to stop loading...
[4.686][FINER]:     Done waiting for all views to stop loading
[5.160][FINER]:     Waiting for all views to stop loading...
[5.160][FINER]:     Done waiting for all views to stop loading
[5.160][FINE]:      Command finished (/session/487867f042142989610c9bc1afaac64a/element/:wdc:1360868056768/value) with response {
   "sessionId": "487867f042142989610c9bc1afaac64a",
   "status": 0,
   "value": {

   }
}

[5.161][FINE]:      Command received (/session/487867f042142989610c9bc1afaac64a/element) with params {
   "sessionId": "487867f042142989610c9bc1afaac64a",
   "using": "link text",
   "value": "Today"
}

[5.161][FINER]:     Waiting for all views to stop loading...
[5.161][FINER]:     Done waiting for all views to stop loading
[5.182][FINER]:     Waiting for all views to stop loading...
[5.182][FINER]:     Done waiting for all views to stop loading
[5.182][FINE]:      Command finished (/session/487867f042142989610c9bc1afaac64a/element) with response {
   "sessionId": "487867f042142989610c9bc1afaac64a",
   "status": 0,
   "value": {
      "ELEMENT": ":wdc:1360868056769"
   }
}

[5.183][FINE]:      Command received (/session/487867f042142989610c9bc1afaac64a/element/:wdc:1360868056769/click) with params {
   "id": ":wdc:1360868056769",
   "sessionId": "487867f042142989610c9bc1afaac64a"
}

[5.183][FINER]:     Waiting for all views to stop loading...
[5.183][FINER]:     Done waiting for all views to stop loading
[5.237][FINER]:     Waiting for all views to stop loading...
[5.237][FINER]:     Done waiting for all views to stop loading
[5.237][FINE]:      Command finished (/session/487867f042142989610c9bc1afaac64a/element/:wdc:1360868056769/click) with response {
   "sessionId": "487867f042142989610c9bc1afaac64a",
   "status": 0,
   "value": {

   }
}

[5.239][FINE]:      Command received (/session/487867f042142989610c9bc1afaac64a/element) with params {
   "sessionId": "487867f042142989610c9bc1afaac64a",
   "using": "link text",
   "value": "Now"
}

[5.239][FINER]:     Waiting for all views to stop loading...
[5.239][FINER]:     Done waiting for all views to stop loading
[5.261][FINER]:     Waiting for all views to stop loading...
[5.261][FINER]:     Done waiting for all views to stop loading
[5.261][FINE]:      Command finished (/session/487867f042142989610c9bc1afaac64a/element) with response {
   "sessionId": "487867f042142989610c9bc1afaac64a",
   "status": 0,
   "value": {
      "ELEMENT": ":wdc:1360868056770"
   }
}

[5.263][FINE]:      Command received (/session/487867f042142989610c9bc1afaac64a/element/:wdc:1360868056770/click) with params {
   "id": ":wdc:1360868056770",
   "sessionId": "487867f042142989610c9bc1afaac64a"
}

[5.263][FINER]:     Waiting for all views to stop loading...
[5.263][FINER]:     Done waiting for all views to stop loading
[5.311][FINER]:     Waiting for all views to stop loading...
[5.311][FINER]:     Done waiting for all views to stop loading
[5.311][FINE]:      Command finished (/session/487867f042142989610c9bc1afaac64a/element/:wdc:1360868056770/click) with response {
   "sessionId": "487867f042142989610c9bc1afaac64a",
   "status": 0,
   "value": {

   }
}

[5.313][FINE]:      Command received (/session/487867f042142989610c9bc1afaac64a/element) with params {
   "sessionId": "487867f042142989610c9bc1afaac64a",
   "using": "name",
   "value": "choice_set-0-choice"
}

[5.313][FINER]:     Waiting for all views to stop loading...
[5.313][FINER]:     Done waiting for all views to stop loading
[5.330][FINER]:     Waiting for all views to stop loading...
[5.330][FINER]:     Done waiting for all views to stop loading
[5.330][FINE]:      Command finished (/session/487867f042142989610c9bc1afaac64a/element) with response {
   "sessionId": "487867f042142989610c9bc1afaac64a",
   "status": 0,
   "value": {
      "ELEMENT": ":wdc:1360868056771"
   }
}

[5.331][FINE]:      Command received (/session/487867f042142989610c9bc1afaac64a/element/:wdc:1360868056771/value) with params {
   "id": ":wdc:1360868056771",
   "sessionId": "487867f042142989610c9bc1afaac64a",
   "value": [ "V", "e", "r", "y", " ", "a", "w", "e", "s", "o", "m", "e" ]
}

[5.331][FINER]:     Waiting for all views to stop loading...
[5.331][FINER]:     Done waiting for all views to stop loading
[5.456][FINER]:     Waiting for all views to stop loading...
[5.457][FINER]:     Done waiting for all views to stop loading
[5.457][FINE]:      Command finished (/session/487867f042142989610c9bc1afaac64a/element/:wdc:1360868056771/value) with response {
   "sessionId": "487867f042142989610c9bc1afaac64a",
   "status": 0,
   "value": {

   }
}

[5.458][FINE]:      Command received (/session/487867f042142989610c9bc1afaac64a/element) with params {
   "sessionId": "487867f042142989610c9bc1afaac64a",
   "using": "name",
   "value": "choice_set-1-choice"
}

[5.458][FINER]:     Waiting for all views to stop loading...
[5.461][FINER]:     Done waiting for all views to stop loading
[5.488][FINER]:     Waiting for all views to stop loading...
[5.488][FINER]:     Done waiting for all views to stop loading
[5.488][FINE]:      Command finished (/session/487867f042142989610c9bc1afaac64a/element) with response {
   "sessionId": "487867f042142989610c9bc1afaac64a",
   "status": 0,
   "value": {
      "ELEMENT": ":wdc:1360868056772"
   }
}

[5.489][FINE]:      Command received (/session/487867f042142989610c9bc1afaac64a/element/:wdc:1360868056772/value) with params {
   "id": ":wdc:1360868056772",
   "sessionId": "487867f042142989610c9bc1afaac64a",
   "value": [ "Q", "u", "i", "t", "e", " ", "a", "w", "e", "s", "o", "m", "e" ]
}

[5.489][FINER]:     Waiting for all views to stop loading...
[5.490][FINER]:     Done waiting for all views to stop loading
[5.603][FINER]:     Waiting for all views to stop loading...
[5.604][FINER]:     Done waiting for all views to stop loading
[5.604][FINE]:      Command finished (/session/487867f042142989610c9bc1afaac64a/element/:wdc:1360868056772/value) with response {
   "sessionId": "487867f042142989610c9bc1afaac64a",
   "status": 0,
   "value": {

   }
}

[5.605][FINE]:      Command received (/session/487867f042142989610c9bc1afaac64a/element) with params {
   "sessionId": "487867f042142989610c9bc1afaac64a",
   "using": "name",
   "value": "choice_set-2-choice"
}

[5.605][FINER]:     Waiting for all views to stop loading...
[5.605][FINER]:     Done waiting for all views to stop loading
[5.620][FINER]:     Waiting for all views to stop loading...
[5.620][FINER]:     Done waiting for all views to stop loading
[5.620][FINE]:      Command finished (/session/487867f042142989610c9bc1afaac64a/element) with response {
   "sessionId": "487867f042142989610c9bc1afaac64a",
   "status": 0,
   "value": {
      "ELEMENT": ":wdc:1360868056773"
   }
}

[5.622][FINE]:      Command received (/session/487867f042142989610c9bc1afaac64a/element/:wdc:1360868056773/value) with params {
   "id": ":wdc:1360868056773",
   "sessionId": "487867f042142989610c9bc1afaac64a",
   "value": [ "M", "o", "d", "e", "r", "a", "t", "e", "l", "y", " ", "a", "w", "e", "s", "o", "m", "e" ]
}

[5.622][FINER]:     Waiting for all views to stop loading...
[5.622][FINER]:     Done waiting for all views to stop loading
[5.749][FINER]:     Waiting for all views to stop loading...
[5.749][FINER]:     Done waiting for all views to stop loading
[5.749][FINE]:      Command finished (/session/487867f042142989610c9bc1afaac64a/element/:wdc:1360868056773/value) with response {
   "sessionId": "487867f042142989610c9bc1afaac64a",
   "status": 0,
   "value": {

   }
}

[5.751][FINE]:      Command received (/session/487867f042142989610c9bc1afaac64a/element) with params {
   "sessionId": "487867f042142989610c9bc1afaac64a",
   "using": "css selector",
   "value": "input[value='Save']"
}

[5.751][FINER]:     Waiting for all views to stop loading...
[5.751][FINER]:     Done waiting for all views to stop loading
[5.765][FINER]:     Waiting for all views to stop loading...
[5.765][FINER]:     Done waiting for all views to stop loading
[5.765][FINE]:      Command finished (/session/487867f042142989610c9bc1afaac64a/element) with response {
   "sessionId": "487867f042142989610c9bc1afaac64a",
   "status": 0,
   "value": {
      "ELEMENT": ":wdc:1360868056774"
   }
}

[5.766][FINE]:      Command received (/session/487867f042142989610c9bc1afaac64a/element/:wdc:1360868056774/click) with params {
   "id": ":wdc:1360868056774",
   "sessionId": "487867f042142989610c9bc1afaac64a"
}

[5.766][FINER]:     Waiting for all views to stop loading...
[5.767][FINER]:     Done waiting for all views to stop loading
[5.810][FINER]:     Waiting for all views to stop loading...
[5.929][FINER]:     Done waiting for all views to stop loading
[5.929][FINE]:      Command finished (/session/487867f042142989610c9bc1afaac64a/element/:wdc:1360868056774/click) with response {
   "sessionId": "487867f042142989610c9bc1afaac64a",
   "status": 0,
   "value": {

   }
}

[5.930][FINE]:      Command received (/session/487867f042142989610c9bc1afaac64a/elements) with params {
   "sessionId": "487867f042142989610c9bc1afaac64a",
   "using": "link text",
   "value": "How awesome is Test-Driven Development?"
}

[5.930][FINER]:     Waiting for all views to stop loading...
[5.931][FINER]:     Done waiting for all views to stop loading
[5.958][FINER]:     Waiting for all views to stop loading...
[5.958][FINER]:     Done waiting for all views to stop loading
[5.958][FINE]:      Command finished (/session/487867f042142989610c9bc1afaac64a/elements) with response {
   "sessionId": "487867f042142989610c9bc1afaac64a",
   "status": 0,
   "value": [ {
      "ELEMENT": ":wdc:1360868058042"
   } ]
}

[5.959][FINE]:      Command received (/session/487867f042142989610c9bc1afaac64a/url) with params {
   "sessionId": "487867f042142989610c9bc1afaac64a",
   "url": "http://localhost:8081/admin/"
}

[5.959][FINER]:     Waiting for all views to stop loading...
[5.960][FINER]:     Done waiting for all views to stop loading
[5.998][FINER]:     Waiting for all views to stop loading...
[6.000][FINER]:     Done waiting for all views to stop loading
[6.000][FINE]:      Command finished (/session/487867f042142989610c9bc1afaac64a/url) with response {
   "sessionId": "487867f042142989610c9bc1afaac64a",
   "status": 0,
   "value": {

   }
}

[6.001][FINE]:      Command received (/session/487867f042142989610c9bc1afaac64a/elements) with params {
   "sessionId": "487867f042142989610c9bc1afaac64a",
   "using": "link text",
   "value": "Polls"
}

[6.001][FINER]:     Waiting for all views to stop loading...
[6.003][FINER]:     Done waiting for all views to stop loading
[6.049][FINER]:     Waiting for all views to stop loading...
[6.049][FINER]:     Done waiting for all views to stop loading
[6.049][FINE]:      Command finished (/session/487867f042142989610c9bc1afaac64a/elements) with response {
   "sessionId": "487867f042142989610c9bc1afaac64a",
   "status": 0,
   "value": [ {
      "ELEMENT": ":wdc:1360868058134"
   }, {
      "ELEMENT": ":wdc:1360868058135"
   } ]
}

[6.051][FINE]:      Command received (/session/487867f042142989610c9bc1afaac64a/element/:wdc:1360868058135/click) with params {
   "id": ":wdc:1360868058135",
   "sessionId": "487867f042142989610c9bc1afaac64a"
}

[6.051][FINER]:     Waiting for all views to stop loading...
[6.051][FINER]:     Done waiting for all views to stop loading
[6.092][FINER]:     Waiting for all views to stop loading...
[6.151][FINER]:     Done waiting for all views to stop loading
[6.152][FINE]:      Command finished (/session/487867f042142989610c9bc1afaac64a/element/:wdc:1360868058135/click) with response {
   "sessionId": "487867f042142989610c9bc1afaac64a",
   "status": 0,
   "value": {

   }
}

[6.153][FINE]:      Command received (/session/487867f042142989610c9bc1afaac64a/element) with params {
   "sessionId": "487867f042142989610c9bc1afaac64a",
   "using": "link text",
   "value": "Add poll"
}

[6.153][FINER]:     Waiting for all views to stop loading...
[6.153][FINER]:     Done waiting for all views to stop loading
[6.162][FINER]:     Waiting for all views to stop loading...
[6.163][FINER]:     Done waiting for all views to stop loading
[6.163][FINE]:      Command finished (/session/487867f042142989610c9bc1afaac64a/element) with response {
   "sessionId": "487867f042142989610c9bc1afaac64a",
   "status": 0,
   "value": {
      "ELEMENT": ":wdc:1360868058247"
   }
}

[6.165][FINE]:      Command received (/session/487867f042142989610c9bc1afaac64a/element/:wdc:1360868058247/click) with params {
   "id": ":wdc:1360868058247",
   "sessionId": "487867f042142989610c9bc1afaac64a"
}

[6.165][FINER]:     Waiting for all views to stop loading...
[6.165][FINER]:     Done waiting for all views to stop loading
[6.207][FINER]:     Waiting for all views to stop loading...
[6.305][FINER]:     Done waiting for all views to stop loading
[6.306][FINE]:      Command finished (/session/487867f042142989610c9bc1afaac64a/element/:wdc:1360868058247/click) with response {
   "sessionId": "487867f042142989610c9bc1afaac64a",
   "status": 0,
   "value": {

   }
}

[6.307][FINE]:      Command received (/session/487867f042142989610c9bc1afaac64a/element) with params {
   "sessionId": "487867f042142989610c9bc1afaac64a",
   "using": "name",
   "value": "question"
}

[6.307][FINER]:     Waiting for all views to stop loading...
[6.318][FINER]:     Done waiting for all views to stop loading
[6.324][FINER]:     Waiting for all views to stop loading...
[6.324][FINER]:     Done waiting for all views to stop loading
[6.324][FINE]:      Command finished (/session/487867f042142989610c9bc1afaac64a/element) with response {
   "sessionId": "487867f042142989610c9bc1afaac64a",
   "status": 0,
   "value": {
      "ELEMENT": ":wdc:1360868058409"
   }
}

[6.326][FINE]:      Command received (/session/487867f042142989610c9bc1afaac64a/element/:wdc:1360868058409/value) with params {
   "id": ":wdc:1360868058409",
   "sessionId": "487867f042142989610c9bc1afaac64a",
   "value": [ "W", "h", "i", "c", "h", " ", "w", "o", "r", "k", "s", "h", "o", "p", " ", "t", "r", "e", "a", "t", " ", "d", "o", " ", "y", "o", "u", " ", "p", "r", "e", "f", "e", "r", "?" ]
}

[6.326][FINER]:     Waiting for all views to stop loading...
[6.326][FINER]:     Done waiting for all views to stop loading
[6.496][FINER]:     Waiting for all views to stop loading...
[6.496][FINER]:     Done waiting for all views to stop loading
[6.496][FINE]:      Command finished (/session/487867f042142989610c9bc1afaac64a/element/:wdc:1360868058409/value) with response {
   "sessionId": "487867f042142989610c9bc1afaac64a",
   "status": 0,
   "value": {

   }
}

[6.498][FINE]:      Command received (/session/487867f042142989610c9bc1afaac64a/element) with params {
   "sessionId": "487867f042142989610c9bc1afaac64a",
   "using": "link text",
   "value": "Today"
}

[6.498][FINER]:     Waiting for all views to stop loading...
[6.498][FINER]:     Done waiting for all views to stop loading
[6.506][FINER]:     Waiting for all views to stop loading...
[6.506][FINER]:     Done waiting for all views to stop loading
[6.506][FINE]:      Command finished (/session/487867f042142989610c9bc1afaac64a/element) with response {
   "sessionId": "487867f042142989610c9bc1afaac64a",
   "status": 0,
   "value": {
      "ELEMENT": ":wdc:1360868058410"
   }
}

[6.507][FINE]:      Command received (/session/487867f042142989610c9bc1afaac64a/element/:wdc:1360868058410/click) with params {
   "id": ":wdc:1360868058410",
   "sessionId": "487867f042142989610c9bc1afaac64a"
}

[6.507][FINER]:     Waiting for all views to stop loading...
[6.507][FINER]:     Done waiting for all views to stop loading
[6.556][FINER]:     Waiting for all views to stop loading...
[6.557][FINER]:     Done waiting for all views to stop loading
[6.557][FINE]:      Command finished (/session/487867f042142989610c9bc1afaac64a/element/:wdc:1360868058410/click) with response {
   "sessionId": "487867f042142989610c9bc1afaac64a",
   "status": 0,
   "value": {

   }
}

[6.558][FINE]:      Command received (/session/487867f042142989610c9bc1afaac64a/element) with params {
   "sessionId": "487867f042142989610c9bc1afaac64a",
   "using": "link text",
   "value": "Now"
}

[6.558][FINER]:     Waiting for all views to stop loading...
[6.558][FINER]:     Done waiting for all views to stop loading
[6.570][FINER]:     Waiting for all views to stop loading...
[6.571][FINER]:     Done waiting for all views to stop loading
[6.571][FINE]:      Command finished (/session/487867f042142989610c9bc1afaac64a/element) with response {
   "sessionId": "487867f042142989610c9bc1afaac64a",
   "status": 0,
   "value": {
      "ELEMENT": ":wdc:1360868058411"
   }
}

[6.572][FINE]:      Command received (/session/487867f042142989610c9bc1afaac64a/element/:wdc:1360868058411/click) with params {
   "id": ":wdc:1360868058411",
   "sessionId": "487867f042142989610c9bc1afaac64a"
}

[6.572][FINER]:     Waiting for all views to stop loading...
[6.572][FINER]:     Done waiting for all views to stop loading
[6.619][FINER]:     Waiting for all views to stop loading...
[6.619][FINER]:     Done waiting for all views to stop loading
[6.619][FINE]:      Command finished (/session/487867f042142989610c9bc1afaac64a/element/:wdc:1360868058411/click) with response {
   "sessionId": "487867f042142989610c9bc1afaac64a",
   "status": 0,
   "value": {

   }
}

[6.621][FINE]:      Command received (/session/487867f042142989610c9bc1afaac64a/element) with params {
   "sessionId": "487867f042142989610c9bc1afaac64a",
   "using": "name",
   "value": "choice_set-0-choice"
}

[6.621][FINER]:     Waiting for all views to stop loading...
[6.621][FINER]:     Done waiting for all views to stop loading
[6.627][FINER]:     Waiting for all views to stop loading...
[6.627][FINER]:     Done waiting for all views to stop loading
[6.628][FINE]:      Command finished (/session/487867f042142989610c9bc1afaac64a/element) with response {
   "sessionId": "487867f042142989610c9bc1afaac64a",
   "status": 0,
   "value": {
      "ELEMENT": ":wdc:1360868058412"
   }
}

[6.629][FINE]:      Command received (/session/487867f042142989610c9bc1afaac64a/element/:wdc:1360868058412/value) with params {
   "id": ":wdc:1360868058412",
   "sessionId": "487867f042142989610c9bc1afaac64a",
   "value": [ "B", "e", "e", "r" ]
}

[6.629][FINER]:     Waiting for all views to stop loading...
[6.629][FINER]:     Done waiting for all views to stop loading
[6.760][FINER]:     Waiting for all views to stop loading...
[6.760][FINER]:     Done waiting for all views to stop loading
[6.760][FINE]:      Command finished (/session/487867f042142989610c9bc1afaac64a/element/:wdc:1360868058412/value) with response {
   "sessionId": "487867f042142989610c9bc1afaac64a",
   "status": 0,
   "value": {

   }
}

[6.761][FINE]:      Command received (/session/487867f042142989610c9bc1afaac64a/element) with params {
   "sessionId": "487867f042142989610c9bc1afaac64a",
   "using": "name",
   "value": "choice_set-1-choice"
}

[6.762][FINER]:     Waiting for all views to stop loading...
[6.762][FINER]:     Done waiting for all views to stop loading
[6.768][FINER]:     Waiting for all views to stop loading...
[6.769][FINER]:     Done waiting for all views to stop loading
[6.769][FINE]:      Command finished (/session/487867f042142989610c9bc1afaac64a/element) with response {
   "sessionId": "487867f042142989610c9bc1afaac64a",
   "status": 0,
   "value": {
      "ELEMENT": ":wdc:1360868058413"
   }
}

[6.770][FINE]:      Command received (/session/487867f042142989610c9bc1afaac64a/element/:wdc:1360868058413/value) with params {
   "id": ":wdc:1360868058413",
   "sessionId": "487867f042142989610c9bc1afaac64a",
   "value": [ "P", "i", "z", "z", "a" ]
}

[6.770][FINER]:     Waiting for all views to stop loading...
[6.770][FINER]:     Done waiting for all views to stop loading
[6.867][FINER]:     Waiting for all views to stop loading...
[6.867][FINER]:     Done waiting for all views to stop loading
[6.867][FINE]:      Command finished (/session/487867f042142989610c9bc1afaac64a/element/:wdc:1360868058413/value) with response {
   "sessionId": "487867f042142989610c9bc1afaac64a",
   "status": 0,
   "value": {

   }
}

[6.868][FINE]:      Command received (/session/487867f042142989610c9bc1afaac64a/element) with params {
   "sessionId": "487867f042142989610c9bc1afaac64a",
   "using": "name",
   "value": "choice_set-2-choice"
}

[6.868][FINER]:     Waiting for all views to stop loading...
[6.868][FINER]:     Done waiting for all views to stop loading
[6.875][FINER]:     Waiting for all views to stop loading...
[6.875][FINER]:     Done waiting for all views to stop loading
[6.875][FINE]:      Command finished (/session/487867f042142989610c9bc1afaac64a/element) with response {
   "sessionId": "487867f042142989610c9bc1afaac64a",
   "status": 0,
   "value": {
      "ELEMENT": ":wdc:1360868058414"
   }
}

[6.876][FINE]:      Command received (/session/487867f042142989610c9bc1afaac64a/element/:wdc:1360868058414/value) with params {
   "id": ":wdc:1360868058414",
   "sessionId": "487867f042142989610c9bc1afaac64a",
   "value": [ "T", "h", "e", " ", "A", "c", "q", "u", "i", "s", "i", "t", "i", "o", "n", " ", "o", "f", " ", "K", "n", "o", "w", "l", "e", "d", "g", "e" ]
}

[6.876][FINER]:     Waiting for all views to stop loading...
[6.876][FINER]:     Done waiting for all views to stop loading
[7.030][FINER]:     Waiting for all views to stop loading...
[7.030][FINER]:     Done waiting for all views to stop loading
[7.030][FINE]:      Command finished (/session/487867f042142989610c9bc1afaac64a/element/:wdc:1360868058414/value) with response {
   "sessionId": "487867f042142989610c9bc1afaac64a",
   "status": 0,
   "value": {

   }
}

[7.032][FINE]:      Command received (/session/487867f042142989610c9bc1afaac64a/element) with params {
   "sessionId": "487867f042142989610c9bc1afaac64a",
   "using": "css selector",
   "value": "input[value='Save']"
}

[7.032][FINER]:     Waiting for all views to stop loading...
[7.032][FINER]:     Done waiting for all views to stop loading
[7.036][FINER]:     Waiting for all views to stop loading...
[7.036][FINER]:     Done waiting for all views to stop loading
[7.036][FINE]:      Command finished (/session/487867f042142989610c9bc1afaac64a/element) with response {
   "sessionId": "487867f042142989610c9bc1afaac64a",
   "status": 0,
   "value": {
      "ELEMENT": ":wdc:1360868058415"
   }
}

[7.038][FINE]:      Command received (/session/487867f042142989610c9bc1afaac64a/element/:wdc:1360868058415/click) with params {
   "id": ":wdc:1360868058415",
   "sessionId": "487867f042142989610c9bc1afaac64a"
}

[7.038][FINER]:     Waiting for all views to stop loading...
[7.038][FINER]:     Done waiting for all views to stop loading
[7.079][FINER]:     Waiting for all views to stop loading...
[7.185][FINER]:     Done waiting for all views to stop loading
[7.185][FINE]:      Command finished (/session/487867f042142989610c9bc1afaac64a/element/:wdc:1360868058415/click) with response {
   "sessionId": "487867f042142989610c9bc1afaac64a",
   "status": 0,
   "value": {

   }
}

[7.186][FINE]:      Command received (/session/487867f042142989610c9bc1afaac64a/elements) with params {
   "sessionId": "487867f042142989610c9bc1afaac64a",
   "using": "link text",
   "value": "Which workshop treat do you prefer?"
}

[7.186][FINER]:     Waiting for all views to stop loading...
[7.186][FINER]:     Done waiting for all views to stop loading
[7.209][FINER]:     Waiting for all views to stop loading...
[7.210][FINER]:     Done waiting for all views to stop loading
[7.210][FINE]:      Command finished (/session/487867f042142989610c9bc1afaac64a/elements) with response {
   "sessionId": "487867f042142989610c9bc1afaac64a",
   "status": 0,
   "value": [ {
      "ELEMENT": ":wdc:1360868059294"
   } ]
}

[7.211][FINE]:      Command received (/session/487867f042142989610c9bc1afaac64a/url) with params {
   "sessionId": "487867f042142989610c9bc1afaac64a",
   "url": "http://localhost:8081/admin/"
}

[7.211][FINER]:     Waiting for all views to stop loading...
[7.211][FINER]:     Done waiting for all views to stop loading
[7.248][FINER]:     Waiting for all views to stop loading...
[7.250][FINER]:     Done waiting for all views to stop loading
[7.250][FINE]:      Command finished (/session/487867f042142989610c9bc1afaac64a/url) with response {
   "sessionId": "487867f042142989610c9bc1afaac64a",
   "status": 0,
   "value": {

   }
}

[7.252][FINE]:      Command received (/session/487867f042142989610c9bc1afaac64a/element) with params {
   "sessionId": "487867f042142989610c9bc1afaac64a",
   "using": "link text",
   "value": "Log out"
}

[7.252][FINER]:     Waiting for all views to stop loading...
[7.253][FINER]:     Done waiting for all views to stop loading
[7.279][FINER]:     Waiting for all views to stop loading...
[7.279][FINER]:     Done waiting for all views to stop loading
[7.279][FINE]:      Command finished (/session/487867f042142989610c9bc1afaac64a/element) with response {
   "sessionId": "487867f042142989610c9bc1afaac64a",
   "status": 0,
   "value": {
      "ELEMENT": ":wdc:1360868059363"
   }
}

[7.280][FINE]:      Command received (/session/487867f042142989610c9bc1afaac64a/element/:wdc:1360868059363/click) with params {
   "id": ":wdc:1360868059363",
   "sessionId": "487867f042142989610c9bc1afaac64a"
}

[7.280][FINER]:     Waiting for all views to stop loading...
[7.280][FINER]:     Done waiting for all views to stop loading
[7.325][FINER]:     Waiting for all views to stop loading...
[7.347][FINER]:     Done waiting for all views to stop loading
[7.347][FINE]:      Command finished (/session/487867f042142989610c9bc1afaac64a/element/:wdc:1360868059363/click) with response {
   "sessionId": "487867f042142989610c9bc1afaac64a",
   "status": 0,
   "value": {

   }
}

[7.349][FINE]:      Command received (/session/487867f042142989610c9bc1afaac64a/url) with params {
   "sessionId": "487867f042142989610c9bc1afaac64a",
   "url": "http://localhost:8081"
}

[7.349][FINER]:     Waiting for all views to stop loading...
[7.350][FINER]:     Done waiting for all views to stop loading
[7.380][FINER]:     Waiting for all views to stop loading...
[7.382][FINER]:     Done waiting for all views to stop loading
[7.382][FINE]:      Command finished (/session/487867f042142989610c9bc1afaac64a/url) with response {
   "sessionId": "487867f042142989610c9bc1afaac64a",
   "status": 0,
   "value": {

   }
}

[7.384][FINE]:      Command received (/session/487867f042142989610c9bc1afaac64a/element) with params {
   "sessionId": "487867f042142989610c9bc1afaac64a",
   "using": "tag name",
   "value": "h1"
}

[7.384][FINER]:     Waiting for all views to stop loading...
[7.385][FINER]:     Done waiting for all views to stop loading
[7.401][FINER]:     Waiting for all views to stop loading...
[7.401][FINER]:     Done waiting for all views to stop loading
[7.401][FINE]:      Command finished (/session/487867f042142989610c9bc1afaac64a/element) with response {
   "sessionId": "487867f042142989610c9bc1afaac64a",
   "status": 0,
   "value": {
      "ELEMENT": ":wdc:1360868059486"
   }
}

[7.403][FINE]:      Command received (/session/487867f042142989610c9bc1afaac64a/element/:wdc:1360868059486/text)
[7.403][FINER]:     Waiting for all views to stop loading...
[7.403][FINER]:     Done waiting for all views to stop loading
[7.436][FINER]:     Waiting for all views to stop loading...
[7.436][FINER]:     Done waiting for all views to stop loading
[7.436][FINE]:      Command finished (/session/487867f042142989610c9bc1afaac64a/element/:wdc:1360868059486/text) with response {
   "sessionId": "487867f042142989610c9bc1afaac64a",
   "status": 0,
   "value": "Polls"
}

[7.437][FINE]:      Command received (/session/487867f042142989610c9bc1afaac64a/element) with params {
   "sessionId": "487867f042142989610c9bc1afaac64a",
   "using": "link text",
   "value": "How awesome is Test-Driven Development?"
}

[7.437][FINER]:     Waiting for all views to stop loading...
[7.437][FINER]:     Done waiting for all views to stop loading
[7.460][FINER]:     Waiting for all views to stop loading...
[7.460][FINER]:     Done waiting for all views to stop loading
[7.460][FINE]:      Command finished (/session/487867f042142989610c9bc1afaac64a/element) with response {
   "sessionId": "487867f042142989610c9bc1afaac64a",
   "status": 0,
   "value": {
      "ELEMENT": ":wdc:1360868059487"
   }
}

[7.461][FINE]:      Command received (/session/487867f042142989610c9bc1afaac64a/element/:wdc:1360868059487/click) with params {
   "id": ":wdc:1360868059487",
   "sessionId": "487867f042142989610c9bc1afaac64a"
}

[7.461][FINER]:     Waiting for all views to stop loading...
[7.461][FINER]:     Done waiting for all views to stop loading
[7.505][FINER]:     Waiting for all views to stop loading...
[7.529][FINER]:     Done waiting for all views to stop loading
[7.529][FINE]:      Command finished (/session/487867f042142989610c9bc1afaac64a/element/:wdc:1360868059487/click) with response {
   "sessionId": "487867f042142989610c9bc1afaac64a",
   "status": 0,
   "value": {

   }
}

[7.530][FINE]:      Command received (/session/487867f042142989610c9bc1afaac64a/element) with params {
   "sessionId": "487867f042142989610c9bc1afaac64a",
   "using": "tag name",
   "value": "h1"
}

[7.530][FINER]:     Waiting for all views to stop loading...
[7.532][FINER]:     Done waiting for all views to stop loading
[7.539][FINER]:     Waiting for all views to stop loading...
[7.539][FINER]:     Done waiting for all views to stop loading
[7.539][FINE]:      Command finished (/session/487867f042142989610c9bc1afaac64a/element) with response {
   "sessionId": "487867f042142989610c9bc1afaac64a",
   "status": 0,
   "value": {
      "ELEMENT": ":wdc:1360868059623"
   }
}

[7.543][FINE]:      Command received (/session/487867f042142989610c9bc1afaac64a/element/:wdc:1360868059623/text)
[7.543][FINER]:     Waiting for all views to stop loading...
[7.544][FINER]:     Done waiting for all views to stop loading
[7.578][FINER]:     Waiting for all views to stop loading...
[7.578][FINER]:     Done waiting for all views to stop loading
[7.578][FINE]:      Command finished (/session/487867f042142989610c9bc1afaac64a/element/:wdc:1360868059623/text) with response {
   "sessionId": "487867f042142989610c9bc1afaac64a",
   "status": 0,
   "value": "Poll Results"
}

[7.579][FINE]:      Command received (/session/487867f042142989610c9bc1afaac64a/element) with params {
   "sessionId": "487867f042142989610c9bc1afaac64a",
   "using": "tag name",
   "value": "h2"
}

[7.579][FINER]:     Waiting for all views to stop loading...
[7.580][FINER]:     Done waiting for all views to stop loading
[7.594][FINER]:     Waiting for all views to stop loading...
[7.595][FINER]:     Done waiting for all views to stop loading
[7.595][FINE]:      Command finished (/session/487867f042142989610c9bc1afaac64a/element) with response {
   "sessionId": "487867f042142989610c9bc1afaac64a",
   "status": 0,
   "value": {
      "ELEMENT": ":wdc:1360868059624"
   }
}

[7.596][FINE]:      Command received (/session/487867f042142989610c9bc1afaac64a/element/:wdc:1360868059624/text)
[7.596][FINER]:     Waiting for all views to stop loading...
[7.596][FINER]:     Done waiting for all views to stop loading
[7.629][FINER]:     Waiting for all views to stop loading...
[7.629][FINER]:     Done waiting for all views to stop loading
[7.629][FINE]:      Command finished (/session/487867f042142989610c9bc1afaac64a/element/:wdc:1360868059624/text) with response {
   "sessionId": "487867f042142989610c9bc1afaac64a",
   "status": 0,
   "value": "How awesome is Test-Driven Development?"
}

[7.631][FINE]:      Command received (/session/487867f042142989610c9bc1afaac64a/element) with params {
   "sessionId": "487867f042142989610c9bc1afaac64a",
   "using": "tag name",
   "value": "body"
}

[7.631][FINER]:     Waiting for all views to stop loading...
[7.631][FINER]:     Done waiting for all views to stop loading
[7.646][FINER]:     Waiting for all views to stop loading...
[7.646][FINER]:     Done waiting for all views to stop loading
[7.646][FINE]:      Command finished (/session/487867f042142989610c9bc1afaac64a/element) with response {
   "sessionId": "487867f042142989610c9bc1afaac64a",
   "status": 0,
   "value": {
      "ELEMENT": ":wdc:1360868059625"
   }
}

[7.647][FINE]:      Command received (/session/487867f042142989610c9bc1afaac64a/element/:wdc:1360868059625/text)
[7.647][FINER]:     Waiting for all views to stop loading...
[7.647][FINER]:     Done waiting for all views to stop loading
[7.690][FINER]:     Waiting for all views to stop loading...
[7.690][FINER]:     Done waiting for all views to stop loading
[7.690][FINE]:      Command finished (/session/487867f042142989610c9bc1afaac64a/element/:wdc:1360868059625/text) with response {
   "sessionId": "487867f042142989610c9bc1afaac64a",
   "status": 0,
   "value": "Poll Results\nHow awesome is Test-Driven Development?\n0 %: Very awesome\n0 %: Quite awesome\n0 %: Mo..."
}

[7.692][FINE]:      Command received (/session/487867f042142989610c9bc1afaac64a/elements) with params {
   "sessionId": "487867f042142989610c9bc1afaac64a",
   "using": "css selector",
   "value": "input[type='radio']"
}

[7.692][FINER]:     Waiting for all views to stop loading...
[7.692][FINER]:     Done waiting for all views to stop loading
[7.707][FINER]:     Waiting for all views to stop loading...
[7.707][FINER]:     Done waiting for all views to stop loading
[7.707][FINE]:      Command finished (/session/487867f042142989610c9bc1afaac64a/elements) with response {
   "sessionId": "487867f042142989610c9bc1afaac64a",
   "status": 0,
   "value": [ {
      "ELEMENT": ":wdc:1360868059626"
   }, {
      "ELEMENT": ":wdc:1360868059627"
   }, {
      "ELEMENT": ":wdc:1360868059628"
   } ]
}

[7.708][FINE]:      Command received (/session/487867f042142989610c9bc1afaac64a/elements) with params {
   "sessionId": "487867f042142989610c9bc1afaac64a",
   "using": "tag name",
   "value": "label"
}

[7.708][FINER]:     Waiting for all views to stop loading...
[7.708][FINER]:     Done waiting for all views to stop loading
[7.722][FINER]:     Waiting for all views to stop loading...
[7.723][FINER]:     Done waiting for all views to stop loading
[7.723][FINE]:      Command finished (/session/487867f042142989610c9bc1afaac64a/elements) with response {
   "sessionId": "487867f042142989610c9bc1afaac64a",
   "status": 0,
   "value": [ {
      "ELEMENT": ":wdc:1360868059629"
   }, {
      "ELEMENT": ":wdc:1360868059630"
   }, {
      "ELEMENT": ":wdc:1360868059631"
   }, {
      "ELEMENT": ":wdc:1360868059632"
   } ]
}

[7.724][FINE]:      Command received (/session/487867f042142989610c9bc1afaac64a/element/:wdc:1360868059629/text)
[7.724][FINER]:     Waiting for all views to stop loading...
[7.725][FINER]:     Done waiting for all views to stop loading
[7.759][FINER]:     Waiting for all views to stop loading...
[7.759][FINER]:     Done waiting for all views to stop loading
[7.759][FINE]:      Command finished (/session/487867f042142989610c9bc1afaac64a/element/:wdc:1360868059629/text) with response {
   "sessionId": "487867f042142989610c9bc1afaac64a",
   "status": 0,
   "value": "Vote:"
}

[7.760][FINE]:      Command received (/session/487867f042142989610c9bc1afaac64a/element/:wdc:1360868059630/text)
[7.760][FINER]:     Waiting for all views to stop loading...
[7.760][FINER]:     Done waiting for all views to stop loading
[7.794][FINER]:     Waiting for all views to stop loading...
[7.795][FINER]:     Done waiting for all views to stop loading
[7.795][FINE]:      Command finished (/session/487867f042142989610c9bc1afaac64a/element/:wdc:1360868059630/text) with response {
   "sessionId": "487867f042142989610c9bc1afaac64a",
   "status": 0,
   "value": "Very awesome"
}

[7.796][FINE]:      Command received (/session/487867f042142989610c9bc1afaac64a/element/:wdc:1360868059631/text)
[7.796][FINER]:     Waiting for all views to stop loading...
[7.796][FINER]:     Done waiting for all views to stop loading
[7.830][FINER]:     Waiting for all views to stop loading...
[7.830][FINER]:     Done waiting for all views to stop loading
[7.830][FINE]:      Command finished (/session/487867f042142989610c9bc1afaac64a/element/:wdc:1360868059631/text) with response {
   "sessionId": "487867f042142989610c9bc1afaac64a",
   "status": 0,
   "value": "Quite awesome"
}

[7.831][FINE]:      Command received (/session/487867f042142989610c9bc1afaac64a/element/:wdc:1360868059632/text)
[7.831][FINER]:     Waiting for all views to stop loading...
[7.832][FINER]:     Done waiting for all views to stop loading
[7.866][FINER]:     Waiting for all views to stop loading...
[7.866][FINER]:     Done waiting for all views to stop loading
[7.866][FINE]:      Command finished (/session/487867f042142989610c9bc1afaac64a/element/:wdc:1360868059632/text) with response {
   "sessionId": "487867f042142989610c9bc1afaac64a",
   "status": 0,
   "value": "Moderately awesome"
}

[7.867][FINE]:      Command received (/session/487867f042142989610c9bc1afaac64a/element) with params {
   "sessionId": "487867f042142989610c9bc1afaac64a",
   "using": "css selector",
   "value": "input[value='1']"
}

[7.867][FINER]:     Waiting for all views to stop loading...
[7.867][FINER]:     Done waiting for all views to stop loading
[7.882][FINER]:     Waiting for all views to stop loading...
[7.882][FINER]:     Done waiting for all views to stop loading
[7.882][FINE]:      Command finished (/session/487867f042142989610c9bc1afaac64a/element) with response {
   "sessionId": "487867f042142989610c9bc1afaac64a",
   "status": 0,
   "value": {
      "ELEMENT": ":wdc:1360868059626"
   }
}

[7.883][FINE]:      Command received (/session/487867f042142989610c9bc1afaac64a/element/:wdc:1360868059626/click) with params {
   "id": ":wdc:1360868059626",
   "sessionId": "487867f042142989610c9bc1afaac64a"
}

[7.883][FINER]:     Waiting for all views to stop loading...
[7.883][FINER]:     Done waiting for all views to stop loading
[7.923][FINER]:     Waiting for all views to stop loading...
[7.924][FINER]:     Done waiting for all views to stop loading
[7.924][FINE]:      Command finished (/session/487867f042142989610c9bc1afaac64a/element/:wdc:1360868059626/click) with response {
   "sessionId": "487867f042142989610c9bc1afaac64a",
   "status": 0,
   "value": {

   }
}

[7.925][FINE]:      Command received (/session/487867f042142989610c9bc1afaac64a/element) with params {
   "sessionId": "487867f042142989610c9bc1afaac64a",
   "using": "css selector",
   "value": "input[type='submit']"
}

[7.925][FINER]:     Waiting for all views to stop loading...
[7.925][FINER]:     Done waiting for all views to stop loading
[7.940][FINER]:     Waiting for all views to stop loading...
[7.940][FINER]:     Done waiting for all views to stop loading
[7.940][FINE]:      Command finished (/session/487867f042142989610c9bc1afaac64a/element) with response {
   "sessionId": "487867f042142989610c9bc1afaac64a",
   "status": 0,
   "value": {
      "ELEMENT": ":wdc:1360868059633"
   }
}

[7.955][FINE]:      Command received (/session/487867f042142989610c9bc1afaac64a/element/:wdc:1360868059633/click) with params {
   "id": ":wdc:1360868059633",
   "sessionId": "487867f042142989610c9bc1afaac64a"
}

[7.955][FINER]:     Waiting for all views to stop loading...
[7.955][FINER]:     Done waiting for all views to stop loading
[8.048][FINER]:     Waiting for all views to stop loading...
[8.083][FINER]:     Done waiting for all views to stop loading
[8.083][FINE]:      Command finished (/session/487867f042142989610c9bc1afaac64a/element/:wdc:1360868059633/click) with response {
   "sessionId": "487867f042142989610c9bc1afaac64a",
   "status": 0,
   "value": {

   }
}

[8.085][FINE]:      Command received (/session/487867f042142989610c9bc1afaac64a/element) with params {
   "sessionId": "487867f042142989610c9bc1afaac64a",
   "using": "tag name",
   "value": "body"
}

[8.085][FINER]:     Waiting for all views to stop loading...
[8.087][FINER]:     Done waiting for all views to stop loading
[8.092][FINER]:     Waiting for all views to stop loading...
[8.093][FINER]:     Done waiting for all views to stop loading
[8.093][FINE]:      Command finished (/session/487867f042142989610c9bc1afaac64a/element) with response {
   "sessionId": "487867f042142989610c9bc1afaac64a",
   "status": 0,
   "value": {
      "ELEMENT": ":wdc:1360868060177"
   }
}

[8.098][FINE]:      Command received (/session/487867f042142989610c9bc1afaac64a/element/:wdc:1360868060177/text)
[8.098][FINER]:     Waiting for all views to stop loading...
[8.099][FINER]:     Done waiting for all views to stop loading
[8.141][FINER]:     Waiting for all views to stop loading...
[8.142][FINER]:     Done waiting for all views to stop loading
[8.142][FINE]:      Command finished (/session/487867f042142989610c9bc1afaac64a/element/:wdc:1360868060177/text) with response {
   "sessionId": "487867f042142989610c9bc1afaac64a",
   "status": 0,
   "value": "Poll Results\nHow awesome is Test-Driven Development?\n100 %: Very awesome\n0 %: Quite awesome\n0 %: ..."
}

[8.143][FINE]:      Command received (/session/487867f042142989610c9bc1afaac64a/element) with params {
   "sessionId": "487867f042142989610c9bc1afaac64a",
   "using": "css selector",
   "value": "input[value='1']"
}

[8.143][FINER]:     Waiting for all views to stop loading...
[8.143][FINER]:     Done waiting for all views to stop loading
[8.147][FINER]:     Waiting for all views to stop loading...
[8.148][FINER]:     Done waiting for all views to stop loading
[8.148][FINE]:      Command finished (/session/487867f042142989610c9bc1afaac64a/element) with response {
   "sessionId": "487867f042142989610c9bc1afaac64a",
   "status": 0,
   "value": {
      "ELEMENT": ":wdc:1360868060178"
   }
}

[8.149][FINE]:      Command received (/session/487867f042142989610c9bc1afaac64a/element/:wdc:1360868060178/click) with params {
   "id": ":wdc:1360868060178",
   "sessionId": "487867f042142989610c9bc1afaac64a"
}

[8.149][FINER]:     Waiting for all views to stop loading...
[8.149][FINER]:     Done waiting for all views to stop loading
[8.186][FINER]:     Waiting for all views to stop loading...
[8.186][FINER]:     Done waiting for all views to stop loading
[8.187][FINE]:      Command finished (/session/487867f042142989610c9bc1afaac64a/element/:wdc:1360868060178/click) with response {
   "sessionId": "487867f042142989610c9bc1afaac64a",
   "status": 0,
   "value": {

   }
}

[8.188][FINE]:      Command received (/session/487867f042142989610c9bc1afaac64a/element) with params {
   "sessionId": "487867f042142989610c9bc1afaac64a",
   "using": "css selector",
   "value": "input[type='submit']"
}

[8.188][FINER]:     Waiting for all views to stop loading...
[8.188][FINER]:     Done waiting for all views to stop loading
[8.192][FINER]:     Waiting for all views to stop loading...
[8.193][FINER]:     Done waiting for all views to stop loading
[8.193][FINE]:      Command finished (/session/487867f042142989610c9bc1afaac64a/element) with response {
   "sessionId": "487867f042142989610c9bc1afaac64a",
   "status": 0,
   "value": {
      "ELEMENT": ":wdc:1360868060179"
   }
}

[8.194][FINE]:      Command received (/session/487867f042142989610c9bc1afaac64a/element/:wdc:1360868060179/click) with params {
   "id": ":wdc:1360868060179",
   "sessionId": "487867f042142989610c9bc1afaac64a"
}

[8.194][FINER]:     Waiting for all views to stop loading...
[8.194][FINER]:     Done waiting for all views to stop loading
[8.231][FINER]:     Waiting for all views to stop loading...
[8.272][FINER]:     Done waiting for all views to stop loading
[8.272][FINE]:      Command finished (/session/487867f042142989610c9bc1afaac64a/element/:wdc:1360868060179/click) with response {
   "sessionId": "487867f042142989610c9bc1afaac64a",
   "status": 0,
   "value": {

   }
}

[8.273][FINE]:      Command received (/session/487867f042142989610c9bc1afaac64a/element) with params {
   "sessionId": "487867f042142989610c9bc1afaac64a",
   "using": "tag name",
   "value": "body"
}

[8.274][FINER]:     Waiting for all views to stop loading...
[8.276][FINER]:     Done waiting for all views to stop loading
[8.286][FINER]:     Waiting for all views to stop loading...
[8.286][FINER]:     Done waiting for all views to stop loading
[8.286][FINE]:      Command finished (/session/487867f042142989610c9bc1afaac64a/element) with response {
   "sessionId": "487867f042142989610c9bc1afaac64a",
   "status": 0,
   "value": {
      "ELEMENT": ":wdc:1360868060371"
   }
}

[8.288][FINE]:      Command received (/session/487867f042142989610c9bc1afaac64a/element/:wdc:1360868060371/text)
[8.288][FINER]:     Waiting for all views to stop loading...
[8.288][FINER]:     Done waiting for all views to stop loading
[8.330][FINER]:     Waiting for all views to stop loading...
[8.331][FINER]:     Done waiting for all views to stop loading
[8.331][FINE]:      Command finished (/session/487867f042142989610c9bc1afaac64a/element/:wdc:1360868060371/text) with response {
   "sessionId": "487867f042142989610c9bc1afaac64a",
   "status": 0,
   "value": "Poll Results\nHow awesome is Test-Driven Development?\n100 %: Very awesome\n0 %: Quite awesome\n0 %: ..."
}

[8.332][FINE]:      Command received (/session/487867f042142989610c9bc1afaac64a/element) with params {
   "sessionId": "487867f042142989610c9bc1afaac64a",
   "using": "css selector",
   "value": "input[value='2']"
}

[8.332][FINER]:     Waiting for all views to stop loading...
[8.332][FINER]:     Done waiting for all views to stop loading
[8.346][FINER]:     Waiting for all views to stop loading...
[8.346][FINER]:     Done waiting for all views to stop loading
[8.346][FINE]:      Command finished (/session/487867f042142989610c9bc1afaac64a/element) with response {
   "sessionId": "487867f042142989610c9bc1afaac64a",
   "status": 0,
   "value": {
      "ELEMENT": ":wdc:1360868060372"
   }
}

[8.348][FINE]:      Command received (/session/487867f042142989610c9bc1afaac64a/element/:wdc:1360868060372/click) with params {
   "id": ":wdc:1360868060372",
   "sessionId": "487867f042142989610c9bc1afaac64a"
}

[8.348][FINER]:     Waiting for all views to stop loading...
[8.348][FINER]:     Done waiting for all views to stop loading
[8.385][FINER]:     Waiting for all views to stop loading...
[8.386][FINER]:     Done waiting for all views to stop loading
[8.386][FINE]:      Command finished (/session/487867f042142989610c9bc1afaac64a/element/:wdc:1360868060372/click) with response {
   "sessionId": "487867f042142989610c9bc1afaac64a",
   "status": 0,
   "value": {

   }
}

[8.387][FINE]:      Command received (/session/487867f042142989610c9bc1afaac64a/element) with params {
   "sessionId": "487867f042142989610c9bc1afaac64a",
   "using": "css selector",
   "value": "input[type='submit']"
}

[8.387][FINER]:     Waiting for all views to stop loading...
[8.387][FINER]:     Done waiting for all views to stop loading
[8.391][FINER]:     Waiting for all views to stop loading...
[8.392][FINER]:     Done waiting for all views to stop loading
[8.392][FINE]:      Command finished (/session/487867f042142989610c9bc1afaac64a/element) with response {
   "sessionId": "487867f042142989610c9bc1afaac64a",
   "status": 0,
   "value": {
      "ELEMENT": ":wdc:1360868060373"
   }
}

[8.393][FINE]:      Command received (/session/487867f042142989610c9bc1afaac64a/element/:wdc:1360868060373/click) with params {
   "id": ":wdc:1360868060373",
   "sessionId": "487867f042142989610c9bc1afaac64a"
}

[8.393][FINER]:     Waiting for all views to stop loading...
[8.393][FINER]:     Done waiting for all views to stop loading
[8.430][FINER]:     Waiting for all views to stop loading...
[8.473][FINER]:     Done waiting for all views to stop loading
[8.473][FINE]:      Command finished (/session/487867f042142989610c9bc1afaac64a/element/:wdc:1360868060373/click) with response {
   "sessionId": "487867f042142989610c9bc1afaac64a",
   "status": 0,
   "value": {

   }
}

[8.475][FINE]:      Command received (/session/487867f042142989610c9bc1afaac64a/element) with params {
   "sessionId": "487867f042142989610c9bc1afaac64a",
   "using": "tag name",
   "value": "body"
}

[8.475][FINER]:     Waiting for all views to stop loading...
[8.475][FINER]:     Done waiting for all views to stop loading
[8.482][FINER]:     Waiting for all views to stop loading...
[8.482][FINER]:     Done waiting for all views to stop loading
[8.483][FINE]:      Command finished (/session/487867f042142989610c9bc1afaac64a/element) with response {
   "sessionId": "487867f042142989610c9bc1afaac64a",
   "status": 0,
   "value": {
      "ELEMENT": ":wdc:1360868060567"
   }
}

[8.489][FINE]:      Command received (/session/487867f042142989610c9bc1afaac64a/element/:wdc:1360868060567/text)
[8.489][FINER]:     Waiting for all views to stop loading...
[8.489][FINER]:     Done waiting for all views to stop loading
[8.533][FINER]:     Waiting for all views to stop loading...
[8.533][FINER]:     Done waiting for all views to stop loading
[8.533][FINE]:      Command finished (/session/487867f042142989610c9bc1afaac64a/element/:wdc:1360868060567/text) with response {
   "sessionId": "487867f042142989610c9bc1afaac64a",
   "status": 0,
   "value": "Poll Results\nHow awesome is Test-Driven Development?\n67 %: Very awesome\n33 %: Quite awesome\n0 %: ..."
}

[8.534][FINE]:      Command received (/session/487867f042142989610c9bc1afaac64a)
[9.448][INFO]:      Chrome shutdown
